11/06/21, 15:55:17, 4, 0, C:\Users\Macies Printing\OneDrive\Mackee Files\VB Program\WaterWillyWRS\sales.rpt:The remaining text does not appear to be part of the formula.
11/06/21, 15:55:17, 4, 0, C:\Users\Macies Printing\OneDrive\Mackee Files\VB Program\WaterWillyWRS\sales.rpt:The remaining text does not appear to be part of the formula.
11/06/21, 15:55:17, 4, 0, C:\Users\Macies Printing\OneDrive\Mackee Files\VB Program\WaterWillyWRS\sales.rpt:The remaining text does not appear to be part of the formula.
11/06/21, 15:55:59, 4, 0, C:\Users\Macies Printing\OneDrive\Mackee Files\VB Program\WaterWillyWRS\sales.rpt:The remaining text does not appear to be part of the formula.
11/06/21, 15:55:59, 4, 0, C:\Users\Macies Printing\OneDrive\Mackee Files\VB Program\WaterWillyWRS\sales.rpt:The remaining text does not appear to be part of the formula.
11/06/21, 15:55:59, 4, 0, C:\Users\Macies Printing\OneDrive\Mackee Files\VB Program\WaterWillyWRS\sales.rpt:The remaining text does not appear to be part of the formula.
11/06/21, 15:56:22, 4, 0, C:\Users\Macies Printing\OneDrive\Mackee Files\VB Program\WaterWillyWRS\sales.rpt:The remaining text does not appear to be part of the formula.
11/06/21, 15:56:22, 4, 0, C:\Users\Macies Printing\OneDrive\Mackee Files\VB Program\WaterWillyWRS\sales.rpt:The remaining text does not appear to be part of the formula.
11/06/21, 15:56:22, 4, 0, C:\Users\Macies Printing\OneDrive\Mackee Files\VB Program\WaterWillyWRS\sales.rpt:The remaining text does not appear to be part of the formula.
11/06/21, 15:59:09, 4, 0, C:\Users\Macies Printing\OneDrive\Mackee Files\VB Program\WaterWillyWRS\sales.rpt:The remaining text does not appear to be part of the formula.
11/06/21, 15:59:09, 4, 0, C:\Users\Macies Printing\OneDrive\Mackee Files\VB Program\WaterWillyWRS\sales.rpt:The remaining text does not appear to be part of the formula.
11/06/21, 15:59:09, 4, 0, C:\Users\Macies Printing\OneDrive\Mackee Files\VB Program\WaterWillyWRS\sales.rpt:The remaining text does not appear to be part of the formula.
11/06/21, 18:00:40, 4, 0, C:\Users\Macies Printing\OneDrive\Mackee Files\VB Program\WaterWillyWRS\sales.rpt:This date time literal was not understood.
11/06/21, 18:00:40, 4, 0, C:\Users\Macies Printing\OneDrive\Mackee Files\VB Program\WaterWillyWRS\sales.rpt:This date time literal was not understood.
11/06/21, 18:00:40, 4, 0, C:\Users\Macies Printing\OneDrive\Mackee Files\VB Program\WaterWillyWRS\sales.rpt:This date time literal was not understood.
11/06/21, 18:01:10, 4, 0, C:\Users\Macies Printing\OneDrive\Mackee Files\VB Program\WaterWillyWRS\sales.rpt:This date time literal was not understood.
11/06/21, 18:01:10, 4, 0, C:\Users\Macies Printing\OneDrive\Mackee Files\VB Program\WaterWillyWRS\sales.rpt:This date time literal was not understood.
11/06/21, 18:01:10, 4, 0, C:\Users\Macies Printing\OneDrive\Mackee Files\VB Program\WaterWillyWRS\sales.rpt:This date time literal was not understood.
11/06/21, 18:01:54, 4, 0, C:\Users\Macies Printing\OneDrive\Mackee Files\VB Program\WaterWillyWRS\sales.rpt:This date time literal was not understood.
11/06/21, 18:01:54, 4, 0, C:\Users\Macies Printing\OneDrive\Mackee Files\VB Program\WaterWillyWRS\sales.rpt:This date time literal was not understood.
11/06/21, 18:01:54, 4, 0, C:\Users\Macies Printing\OneDrive\Mackee Files\VB Program\WaterWillyWRS\sales.rpt:This date time literal was not understood.
11/06/21, 18:02:17, 4, 0, C:\Users\Macies Printing\OneDrive\Mackee Files\VB Program\WaterWillyWRS\sales.rpt:A number, currency amount, boolean, date, time, date-time, or string is expected here.
11/06/21, 18:02:17, 4, 0, C:\Users\Macies Printing\OneDrive\Mackee Files\VB Program\WaterWillyWRS\sales.rpt:A number, currency amount, boolean, date, time, date-time, or string is expected here.
11/06/21, 18:02:17, 4, 0, C:\Users\Macies Printing\OneDrive\Mackee Files\VB Program\WaterWillyWRS\sales.rpt:A number, currency amount, boolean, date, time, date-time, or string is expected here.
11/06/21, 18:08:13, 4, 0, C:\Users\Macies Printing\OneDrive\Mackee Files\VB Program\WaterWillyWRS\sales.rpt:The remaining text does not appear to be part of the formula.
11/06/21, 18:08:13, 4, 0, C:\Users\Macies Printing\OneDrive\Mackee Files\VB Program\WaterWillyWRS\sales.rpt:The remaining text does not appear to be part of the formula.
11/06/21, 18:08:13, 4, 0, C:\Users\Macies Printing\OneDrive\Mackee Files\VB Program\WaterWillyWRS\sales.rpt:The remaining text does not appear to be part of the formula.
12/01/21, 08:43:37, 4, 0, C:\Users\maaba\OneDrive\Mackee Files\VB Program\WaterWillyWRS\delivery.rpt:File not found
12/01/21, 08:44:22, 4, 0, C:\Users\maaba\OneDrive\Mackee Files\VB Program\WaterWillyWRS\delivery.rpt:File not found
12/01/21, 08:47:12, 4, 0, C:\Users\maaba\OneDrive\Mackee Files\VB Program\WaterWillyWRS\delivery.rpt:File not found
12/01/21, 08:50:22, 4, 0, C:\Users\maaba\OneDrive\Mackee Files\VB Program\WaterWillyWRS\delivery.rpt:File not found
12/01/21, 09:59:58, 4, 0, C:\Users\maaba\OneDrive\Mackee Files\VB Program\WaterWillyWRS\delivery.rpt:File not found
12/16/21, 15:49:03, 4, 0, C:\Users\Macies Printing\OneDrive\Mackee Files\VB Program\WaterWillyWRS\credit.rpt:File not found
12/26/21, 19:55:46, 4, 0, :File not found.
12/26/21, 19:55:46, 4, 0, :File not found.
12/25/21, 22:49:43, 4, 0, C:\Users\maaba\OneDrive\Mackee Files\VB Program\WaterWillyWRS\customer.rpt:This field name is not known.
12/25/21, 22:49:43, 4, 0, C:\Users\maaba\OneDrive\Mackee Files\VB Program\WaterWillyWRS\customer.rpt:This field name is not known.
12/25/21, 22:49:43, 4, 0, C:\Users\maaba\OneDrive\Mackee Files\VB Program\WaterWillyWRS\customer.rpt:This field name is not known.
12/25/21, 22:50:45, 4, 0, C:\Users\maaba\OneDrive\Mackee Files\VB Program\WaterWillyWRS\customer.rpt:The result of selection formula must be a boolean.
12/25/21, 22:50:45, 4, 0, C:\Users\maaba\OneDrive\Mackee Files\VB Program\WaterWillyWRS\customer.rpt:The result of selection formula must be a boolean.
12/25/21, 22:50:45, 4, 0, C:\Users\maaba\OneDrive\Mackee Files\VB Program\WaterWillyWRS\customer.rpt:The result of selection formula must be a boolean.
12/25/21, 22:51:29, 4, 0, C:\Users\maaba\OneDrive\Mackee Files\VB Program\WaterWillyWRS\customer.rpt:A string is required here.
12/25/21, 22:51:29, 4, 0, C:\Users\maaba\OneDrive\Mackee Files\VB Program\WaterWillyWRS\customer.rpt:A string is required here.
12/25/21, 22:51:29, 4, 0, C:\Users\maaba\OneDrive\Mackee Files\VB Program\WaterWillyWRS\customer.rpt:A string is required here.
12/26/21, 23:12:06, 4, 0, C:\Users\maaba\OneDrive\Mackee Files\VB Program\WaterWillyWRS\customer.rpt:A string is required here.
12/26/21, 23:12:06, 4, 0, C:\Users\maaba\OneDrive\Mackee Files\VB Program\WaterWillyWRS\customer.rpt:A string is required here.
12/26/21, 23:12:06, 4, 0, C:\Users\maaba\OneDrive\Mackee Files\VB Program\WaterWillyWRS\customer.rpt:A string is required here.
12/26/21, 23:13:45, 4, 0, C:\Users\maaba\OneDrive\Mackee Files\VB Program\WaterWillyWRS\customer.rpt:A string is required here.
12/26/21, 23:13:45, 4, 0, C:\Users\maaba\OneDrive\Mackee Files\VB Program\WaterWillyWRS\customer.rpt:A string is required here.
12/26/21, 23:13:45, 4, 0, C:\Users\maaba\OneDrive\Mackee Files\VB Program\WaterWillyWRS\customer.rpt:A string is required here.
12/26/21, 23:14:08, 4, 0, C:\Users\maaba\OneDrive\Mackee Files\VB Program\WaterWillyWRS\customer.rpt:A string is required here.
12/26/21, 23:14:08, 4, 0, C:\Users\maaba\OneDrive\Mackee Files\VB Program\WaterWillyWRS\customer.rpt:A string is required here.
12/26/21, 23:14:08, 4, 0, C:\Users\maaba\OneDrive\Mackee Files\VB Program\WaterWillyWRS\customer.rpt:A string is required here.
12/26/21, 23:14:45, 4, 0, C:\Users\maaba\OneDrive\Mackee Files\VB Program\WaterWillyWRS\customer.rpt:A string is required here.
12/26/21, 23:14:45, 4, 0, C:\Users\maaba\OneDrive\Mackee Files\VB Program\WaterWillyWRS\customer.rpt:A string is required here.
12/26/21, 23:14:45, 4, 0, C:\Users\maaba\OneDrive\Mackee Files\VB Program\WaterWillyWRS\customer.rpt:A string is required here.
12/26/21, 23:16:37, 4, 0, C:\Users\maaba\OneDrive\Mackee Files\VB Program\WaterWillyWRS\customer.rpt:A string is required here.
12/26/21, 23:16:37, 4, 0, C:\Users\maaba\OneDrive\Mackee Files\VB Program\WaterWillyWRS\customer.rpt:A string is required here.
12/26/21, 23:16:37, 4, 0, C:\Users\maaba\OneDrive\Mackee Files\VB Program\WaterWillyWRS\customer.rpt:A string is required here.
12/26/21, 23:18:29, 4, 0, C:\Users\maaba\OneDrive\Mackee Files\VB Program\WaterWillyWRS\customer.rpt:A string is required here.
12/26/21, 23:18:29, 4, 0, C:\Users\maaba\OneDrive\Mackee Files\VB Program\WaterWillyWRS\customer.rpt:A string is required here.
12/26/21, 23:18:29, 4, 0, C:\Users\maaba\OneDrive\Mackee Files\VB Program\WaterWillyWRS\customer.rpt:A string is required here.
12/26/21, 23:20:10, 4, 0, C:\Users\maaba\OneDrive\Mackee Files\VB Program\WaterWillyWRS\customer.rpt:A string is required here.
12/26/21, 23:20:10, 4, 0, C:\Users\maaba\OneDrive\Mackee Files\VB Program\WaterWillyWRS\customer.rpt:A string is required here.
12/26/21, 23:20:10, 4, 0, C:\Users\maaba\OneDrive\Mackee Files\VB Program\WaterWillyWRS\customer.rpt:A string is required here.
12/26/21, 23:20:50, 4, 0, C:\Users\maaba\OneDrive\Mackee Files\VB Program\WaterWillyWRS\customer.rpt:A string is required here.
12/26/21, 23:20:50, 4, 0, C:\Users\maaba\OneDrive\Mackee Files\VB Program\WaterWillyWRS\customer.rpt:A string is required here.
12/26/21, 23:20:50, 4, 0, C:\Users\maaba\OneDrive\Mackee Files\VB Program\WaterWillyWRS\customer.rpt:A string is required here.
10/14/23, 16:19:38, 4, 0, C:\Users\AYC\Desktop\New folder\WRSv5\sales.rpt:A date-time is required here.
10/14/23, 16:19:38, 4, 0, C:\Users\AYC\Desktop\New folder\WRSv5\sales.rpt:A date-time is required here.
10/14/23, 16:19:38, 4, 0, C:\Users\AYC\Desktop\New folder\WRSv5\sales.rpt:A date-time is required here.
11/03/23, 13:42:50, 4, 0, C:\Users\AYC\Desktop\New folder\WRSv7\sales.rpt:A date-time is required here.
11/03/23, 13:42:50, 4, 0, C:\Users\AYC\Desktop\New folder\WRSv7\sales.rpt:A date-time is required here.
11/03/23, 13:42:50, 4, 0, C:\Users\AYC\Desktop\New folder\WRSv7\sales.rpt:A date-time is required here.
11/03/23, 13:47:36, 4, 0, C:\Users\AYC\Desktop\New folder\WRSv7\sales.rpt:A date-time is required here.
11/03/23, 13:47:36, 4, 0, C:\Users\AYC\Desktop\New folder\WRSv7\sales.rpt:A date-time is required here.
11/03/23, 13:47:36, 4, 0, C:\Users\AYC\Desktop\New folder\WRSv7\sales.rpt:A date-time is required here.
11/03/23, 13:47:43, 4, 0, C:\Users\AYC\Desktop\New folder\WRSv7\sales.rpt:A date-time is required here.
11/03/23, 13:47:43, 4, 0, C:\Users\AYC\Desktop\New folder\WRSv7\sales.rpt:A date-time is required here.
11/03/23, 13:47:43, 4, 0, C:\Users\AYC\Desktop\New folder\WRSv7\sales.rpt:A date-time is required here.
11/03/23, 13:48:20, 4, 0, C:\Users\AYC\Desktop\New folder\WRSv7\sales.rpt:A date-time is required here.
11/03/23, 13:48:20, 4, 0, C:\Users\AYC\Desktop\New folder\WRSv7\sales.rpt:A date-time is required here.
11/03/23, 13:48:20, 4, 0, C:\Users\AYC\Desktop\New folder\WRSv7\sales.rpt:A date-time is required here.
11/03/23, 14:20:47, 4, 0, C:\Users\AYC\Desktop\New folder\WRSv7\sales.rpt:A date-time is required here.
11/03/23, 14:20:47, 4, 0, C:\Users\AYC\Desktop\New folder\WRSv7\sales.rpt:A date-time is required here.
11/03/23, 14:20:47, 4, 0, C:\Users\AYC\Desktop\New folder\WRSv7\sales.rpt:A date-time is required here.
11/03/23, 14:21:19, 4, 0, C:\Users\AYC\Desktop\New folder\WRSv7\sales.rpt:A date-time is required here.
11/03/23, 14:21:19, 4, 0, C:\Users\AYC\Desktop\New folder\WRSv7\sales.rpt:A date-time is required here.
11/03/23, 14:21:19, 4, 0, C:\Users\AYC\Desktop\New folder\WRSv7\sales.rpt:A date-time is required here.
11/03/23, 14:21:26, 4, 0, C:\Users\AYC\Desktop\New folder\WRSv7\sales.rpt:A date-time is required here.
11/03/23, 14:21:26, 4, 0, C:\Users\AYC\Desktop\New folder\WRSv7\sales.rpt:A date-time is required here.
11/03/23, 14:21:26, 4, 0, C:\Users\AYC\Desktop\New folder\WRSv7\sales.rpt:A date-time is required here.
11/03/23, 14:22:11, 4, 0, C:\Users\AYC\Desktop\New folder\WRSv7\sales.rpt:A date-time is required here.
11/03/23, 14:22:11, 4, 0, C:\Users\AYC\Desktop\New folder\WRSv7\sales.rpt:A date-time is required here.
11/03/23, 14:22:11, 4, 0, C:\Users\AYC\Desktop\New folder\WRSv7\sales.rpt:A date-time is required here.
11/03/23, 14:25:57, 4, 0, C:\Users\AYC\Desktop\New folder\WRSv7\sales.rpt:A date-time is required here.
11/03/23, 14:25:57, 4, 0, C:\Users\AYC\Desktop\New folder\WRSv7\sales.rpt:A date-time is required here.
11/03/23, 14:25:57, 4, 0, C:\Users\AYC\Desktop\New folder\WRSv7\sales.rpt:A date-time is required here.
11/03/23, 14:26:08, 4, 0, C:\Users\AYC\Desktop\New folder\WRSv7\sales.rpt:A date-time is required here.
11/03/23, 14:26:08, 4, 0, C:\Users\AYC\Desktop\New folder\WRSv7\sales.rpt:A date-time is required here.
11/03/23, 14:26:08, 4, 0, C:\Users\AYC\Desktop\New folder\WRSv7\sales.rpt:A date-time is required here.
11/03/23, 14:27:19, 4, 0, C:\Users\AYC\Desktop\New folder\WRSv7\sales.rpt:A date-time is required here.
11/03/23, 14:27:19, 4, 0, C:\Users\AYC\Desktop\New folder\WRSv7\sales.rpt:A date-time is required here.
11/03/23, 14:27:19, 4, 0, C:\Users\AYC\Desktop\New folder\WRSv7\sales.rpt:A date-time is required here.
11/03/23, 14:27:28, 4, 0, C:\Users\AYC\Desktop\New folder\WRSv7\sales.rpt:A date-time is required here.
11/03/23, 14:27:28, 4, 0, C:\Users\AYC\Desktop\New folder\WRSv7\sales.rpt:A date-time is required here.
11/03/23, 14:27:28, 4, 0, C:\Users\AYC\Desktop\New folder\WRSv7\sales.rpt:A date-time is required here.
11/03/23, 14:28:00, 4, 0, C:\Users\AYC\Desktop\New folder\WRSv7\sales.rpt:A date-time is required here.
11/03/23, 14:28:00, 4, 0, C:\Users\AYC\Desktop\New folder\WRSv7\sales.rpt:A date-time is required here.
11/03/23, 14:28:00, 4, 0, C:\Users\AYC\Desktop\New folder\WRSv7\sales.rpt:A date-time is required here.
11/03/23, 14:28:24, 4, 0, C:\Users\AYC\Desktop\New folder\WRSv7\sales.rpt:A date-time is required here.
11/03/23, 14:28:24, 4, 0, C:\Users\AYC\Desktop\New folder\WRSv7\sales.rpt:A date-time is required here.
11/03/23, 14:28:24, 4, 0, C:\Users\AYC\Desktop\New folder\WRSv7\sales.rpt:A date-time is required here.
11/03/23, 14:28:29, 4, 0, C:\Users\AYC\Desktop\New folder\WRSv7\sales.rpt:A date-time is required here.
11/03/23, 14:28:29, 4, 0, C:\Users\AYC\Desktop\New folder\WRSv7\sales.rpt:A date-time is required here.
11/03/23, 14:28:29, 4, 0, C:\Users\AYC\Desktop\New folder\WRSv7\sales.rpt:A date-time is required here.
